02:11:55,208 (AWT-EventQueue-0) DEBUG [DataNucleus.Persistence] - ExecutionContext "org.datanucleus.ExecutionContextImpl@1ae50e2a" se abrió para la base de datos "org.datanucleus.store.rdbms.RDBMSStoreManager@6a108f83" con transaccion="org.datanucleus.TransactionImpl@36fc7b75"
02:11:55,208 (AWT-EventQueue-0) DEBUG [DataNucleus.Transaction] - Transaction created [DataNucleus Transaction, ID=-483663733-2, enlisted resources=[]]
02:11:55,208 (AWT-EventQueue-0) DEBUG [DataNucleus.Transaction] - Transacción empezada para el ExecutionContext org.datanucleus.ExecutionContextImpl@1ae50e2a (optimistic=false)
02:11:56,506 (AWT-EventQueue-0) DEBUG [DataNucleus.Query] - Query de SQL : "DELETE FROM CUENTA"
02:11:56,569 (AWT-EventQueue-0) DEBUG [DataNucleus.Connection] - ManagedConnection ABIERTO : "org.datanucleus.store.rdbms.ConnectionFactoryImpl$ManagedConnectionImpl@164c91d2 [conn=org.datanucleus.store.rdbms.datasource.dbcp2.PoolingDataSource$PoolGuardConnectionWrapper@4e63ecc3, commitOnRelease=false, closeOnRelease=false, closeOnTxnEnd=true]" en resource "tx" con isolación "read-committed" y auto-commit=false
02:11:56,569 (AWT-EventQueue-0) DEBUG [DataNucleus.Transaction] - Running enlist operation on resource: org.datanucleus.store.rdbms.ConnectionFactoryImpl$EmulatedXAResource@5198964e, error code TMNOFLAGS and transaction [DataNucleus Transaction, ID=-483663733-2, enlisted resources=[]]
02:11:56,569 (AWT-EventQueue-0) DEBUG [DataNucleus.Datastore] - Utilizando PreparedStatement "org.datanucleus.store.rdbms.ParamLoggingPreparedStatement@5c279785" para la conneccion "org.datanucleus.store.rdbms.datasource.dbcp2.PoolingDataSource$PoolGuardConnectionWrapper@4e63ecc3"
02:11:56,570 (AWT-EventQueue-0) DEBUG [DataNucleus.Datastore.Native] - DELETE FROM CUENTA
02:11:56,576 (AWT-EventQueue-0) DEBUG [DataNucleus.Datastore.Persist] - SQL Tiempo de cumplir = 6 ms (numero de lineas cambiado = 0) con el PreparedStatement "org.datanucleus.store.rdbms.ParamLoggingPreparedStatement@5c279785"
02:11:56,576 (AWT-EventQueue-0) DEBUG [DataNucleus.Datastore] - Cerrando PreparedStatement "org.datanucleus.store.rdbms.ParamLoggingPreparedStatement@5c279785"
02:11:56,576 (AWT-EventQueue-0) DEBUG [DataNucleus.Query] - Query de SQL : "DELETE FROM USUARIO"
02:11:56,576 (AWT-EventQueue-0) DEBUG [DataNucleus.Datastore] - Utilizando PreparedStatement "org.datanucleus.store.rdbms.ParamLoggingPreparedStatement@d737d36" para la conneccion "org.datanucleus.store.rdbms.datasource.dbcp2.PoolingDataSource$PoolGuardConnectionWrapper@4e63ecc3"
02:11:56,576 (AWT-EventQueue-0) DEBUG [DataNucleus.Datastore.Native] - DELETE FROM USUARIO
02:11:56,583 (AWT-EventQueue-0) DEBUG [DataNucleus.Datastore.Persist] - SQL Tiempo de cumplir = 7 ms (numero de lineas cambiado = 12) con el PreparedStatement "org.datanucleus.store.rdbms.ParamLoggingPreparedStatement@d737d36"
02:11:56,583 (AWT-EventQueue-0) DEBUG [DataNucleus.Datastore] - Cerrando PreparedStatement "org.datanucleus.store.rdbms.ParamLoggingPreparedStatement@d737d36"
02:11:56,583 (AWT-EventQueue-0) DEBUG [DataNucleus.Query] - Query de SQL : "DELETE FROM PRENDA"
02:11:56,583 (AWT-EventQueue-0) DEBUG [DataNucleus.Datastore] - Utilizando PreparedStatement "org.datanucleus.store.rdbms.ParamLoggingPreparedStatement@18cca030" para la conneccion "org.datanucleus.store.rdbms.datasource.dbcp2.PoolingDataSource$PoolGuardConnectionWrapper@4e63ecc3"
02:11:56,583 (AWT-EventQueue-0) DEBUG [DataNucleus.Datastore.Native] - DELETE FROM PRENDA
02:11:56,588 (AWT-EventQueue-0) DEBUG [DataNucleus.Datastore.Persist] - SQL Tiempo de cumplir = 5 ms (numero de lineas cambiado = 0) con el PreparedStatement "org.datanucleus.store.rdbms.ParamLoggingPreparedStatement@18cca030"
02:11:56,589 (AWT-EventQueue-0) DEBUG [DataNucleus.Datastore] - Cerrando PreparedStatement "org.datanucleus.store.rdbms.ParamLoggingPreparedStatement@18cca030"
02:11:56,589 (AWT-EventQueue-0) DEBUG [DataNucleus.Query] - Query de SQL : "DELETE FROM RESERVA"
02:11:56,589 (AWT-EventQueue-0) DEBUG [DataNucleus.Datastore] - Utilizando PreparedStatement "org.datanucleus.store.rdbms.ParamLoggingPreparedStatement@cc3c94c" para la conneccion "org.datanucleus.store.rdbms.datasource.dbcp2.PoolingDataSource$PoolGuardConnectionWrapper@4e63ecc3"
02:11:56,589 (AWT-EventQueue-0) DEBUG [DataNucleus.Datastore.Native] - DELETE FROM RESERVA
02:11:56,596 (AWT-EventQueue-0) DEBUG [DataNucleus.Datastore.Persist] - SQL Tiempo de cumplir = 7 ms (numero de lineas cambiado = 1) con el PreparedStatement "org.datanucleus.store.rdbms.ParamLoggingPreparedStatement@cc3c94c"
02:11:56,596 (AWT-EventQueue-0) DEBUG [DataNucleus.Datastore] - Cerrando PreparedStatement "org.datanucleus.store.rdbms.ParamLoggingPreparedStatement@cc3c94c"
02:11:56,596 (AWT-EventQueue-0) DEBUG [DataNucleus.Query] - Query de SQL : "DELETE FROM HABITACION"
02:11:56,597 (AWT-EventQueue-0) DEBUG [DataNucleus.Datastore] - Utilizando PreparedStatement "org.datanucleus.store.rdbms.ParamLoggingPreparedStatement@6cb8fcee" para la conneccion "org.datanucleus.store.rdbms.datasource.dbcp2.PoolingDataSource$PoolGuardConnectionWrapper@4e63ecc3"
02:11:56,597 (AWT-EventQueue-0) DEBUG [DataNucleus.Datastore.Native] - DELETE FROM HABITACION
02:11:56,603 (AWT-EventQueue-0) DEBUG [DataNucleus.Datastore.Persist] - SQL Tiempo de cumplir = 6 ms (numero de lineas cambiado = 9) con el PreparedStatement "org.datanucleus.store.rdbms.ParamLoggingPreparedStatement@6cb8fcee"
02:11:56,603 (AWT-EventQueue-0) DEBUG [DataNucleus.Datastore] - Cerrando PreparedStatement "org.datanucleus.store.rdbms.ParamLoggingPreparedStatement@6cb8fcee"
02:11:56,603 (AWT-EventQueue-0) DEBUG [DataNucleus.Query] - Query de SQL : "DELETE FROM MUEBLE"
02:11:56,603 (AWT-EventQueue-0) DEBUG [DataNucleus.Datastore] - Utilizando PreparedStatement "org.datanucleus.store.rdbms.ParamLoggingPreparedStatement@7a34a682" para la conneccion "org.datanucleus.store.rdbms.datasource.dbcp2.PoolingDataSource$PoolGuardConnectionWrapper@4e63ecc3"
02:11:56,603 (AWT-EventQueue-0) DEBUG [DataNucleus.Datastore.Native] - DELETE FROM MUEBLE
02:11:56,608 (AWT-EventQueue-0) DEBUG [DataNucleus.Datastore.Persist] - SQL Tiempo de cumplir = 5 ms (numero de lineas cambiado = 0) con el PreparedStatement "org.datanucleus.store.rdbms.ParamLoggingPreparedStatement@7a34a682"
02:11:56,608 (AWT-EventQueue-0) DEBUG [DataNucleus.Datastore] - Cerrando PreparedStatement "org.datanucleus.store.rdbms.ParamLoggingPreparedStatement@7a34a682"
02:11:56,608 (AWT-EventQueue-0) DEBUG [DataNucleus.Query] - Query de SQL : "DELETE FROM CONSUMOCONMUEBLE"
02:11:56,609 (AWT-EventQueue-0) DEBUG [DataNucleus.Datastore] - Utilizando PreparedStatement "org.datanucleus.store.rdbms.ParamLoggingPreparedStatement@78444d4" para la conneccion "org.datanucleus.store.rdbms.datasource.dbcp2.PoolingDataSource$PoolGuardConnectionWrapper@4e63ecc3"
02:11:56,609 (AWT-EventQueue-0) DEBUG [DataNucleus.Datastore.Native] - DELETE FROM CONSUMOCONMUEBLE
02:11:56,613 (AWT-EventQueue-0) DEBUG [DataNucleus.Datastore.Persist] - SQL Tiempo de cumplir = 4 ms (numero de lineas cambiado = 0) con el PreparedStatement "org.datanucleus.store.rdbms.ParamLoggingPreparedStatement@78444d4"
02:11:56,614 (AWT-EventQueue-0) DEBUG [DataNucleus.Datastore] - Cerrando PreparedStatement "org.datanucleus.store.rdbms.ParamLoggingPreparedStatement@78444d4"
02:11:56,614 (AWT-EventQueue-0) DEBUG [DataNucleus.Query] - Query de SQL : "DELETE FROM CONSUMO"
02:11:56,614 (AWT-EventQueue-0) DEBUG [DataNucleus.Datastore] - Utilizando PreparedStatement "org.datanucleus.store.rdbms.ParamLoggingPreparedStatement@159f64c1" para la conneccion "org.datanucleus.store.rdbms.datasource.dbcp2.PoolingDataSource$PoolGuardConnectionWrapper@4e63ecc3"
02:11:56,614 (AWT-EventQueue-0) DEBUG [DataNucleus.Datastore.Native] - DELETE FROM CONSUMO
02:11:56,619 (AWT-EventQueue-0) DEBUG [DataNucleus.Datastore.Persist] - SQL Tiempo de cumplir = 5 ms (numero de lineas cambiado = 0) con el PreparedStatement "org.datanucleus.store.rdbms.ParamLoggingPreparedStatement@159f64c1"
02:11:56,619 (AWT-EventQueue-0) DEBUG [DataNucleus.Datastore] - Cerrando PreparedStatement "org.datanucleus.store.rdbms.ParamLoggingPreparedStatement@159f64c1"
02:11:56,619 (AWT-EventQueue-0) DEBUG [DataNucleus.Query] - Query de SQL : "DELETE FROM TIPOHABITACION"
02:11:56,619 (AWT-EventQueue-0) DEBUG [DataNucleus.Datastore] - Utilizando PreparedStatement "org.datanucleus.store.rdbms.ParamLoggingPreparedStatement@3e6ba510" para la conneccion "org.datanucleus.store.rdbms.datasource.dbcp2.PoolingDataSource$PoolGuardConnectionWrapper@4e63ecc3"
02:11:56,619 (AWT-EventQueue-0) DEBUG [DataNucleus.Datastore.Native] - DELETE FROM TIPOHABITACION
02:11:56,624 (AWT-EventQueue-0) DEBUG [DataNucleus.Datastore.Persist] - SQL Tiempo de cumplir = 5 ms (numero de lineas cambiado = 3) con el PreparedStatement "org.datanucleus.store.rdbms.ParamLoggingPreparedStatement@3e6ba510"
02:11:56,624 (AWT-EventQueue-0) DEBUG [DataNucleus.Datastore] - Cerrando PreparedStatement "org.datanucleus.store.rdbms.ParamLoggingPreparedStatement@3e6ba510"
02:11:56,624 (AWT-EventQueue-0) DEBUG [DataNucleus.Query] - Query de SQL : "DELETE FROM TIPOUSUARIO"
02:11:56,625 (AWT-EventQueue-0) DEBUG [DataNucleus.Datastore] - Utilizando PreparedStatement "org.datanucleus.store.rdbms.ParamLoggingPreparedStatement@61b414e9" para la conneccion "org.datanucleus.store.rdbms.datasource.dbcp2.PoolingDataSource$PoolGuardConnectionWrapper@4e63ecc3"
02:11:56,625 (AWT-EventQueue-0) DEBUG [DataNucleus.Datastore.Native] - DELETE FROM TIPOUSUARIO
02:11:56,630 (AWT-EventQueue-0) DEBUG [DataNucleus.Datastore.Persist] - SQL Tiempo de cumplir = 5 ms (numero de lineas cambiado = 5) con el PreparedStatement "org.datanucleus.store.rdbms.ParamLoggingPreparedStatement@61b414e9"
02:11:56,630 (AWT-EventQueue-0) DEBUG [DataNucleus.Datastore] - Cerrando PreparedStatement "org.datanucleus.store.rdbms.ParamLoggingPreparedStatement@61b414e9"
02:11:56,630 (AWT-EventQueue-0) DEBUG [DataNucleus.Query] - Query de SQL : "DELETE FROM HOTEL"
02:11:56,630 (AWT-EventQueue-0) DEBUG [DataNucleus.Datastore] - Utilizando PreparedStatement "org.datanucleus.store.rdbms.ParamLoggingPreparedStatement@44334eef" para la conneccion "org.datanucleus.store.rdbms.datasource.dbcp2.PoolingDataSource$PoolGuardConnectionWrapper@4e63ecc3"
02:11:56,631 (AWT-EventQueue-0) DEBUG [DataNucleus.Datastore.Native] - DELETE FROM HOTEL
02:11:56,636 (AWT-EventQueue-0) DEBUG [DataNucleus.Datastore.Persist] - SQL Tiempo de cumplir = 6 ms (numero de lineas cambiado = 1) con el PreparedStatement "org.datanucleus.store.rdbms.ParamLoggingPreparedStatement@44334eef"
02:11:56,636 (AWT-EventQueue-0) DEBUG [DataNucleus.Datastore] - Cerrando PreparedStatement "org.datanucleus.store.rdbms.ParamLoggingPreparedStatement@44334eef"
02:11:56,636 (AWT-EventQueue-0) DEBUG [DataNucleus.Query] - Query de SQL : "DELETE FROM CADENAHOTELERA"
02:11:56,636 (AWT-EventQueue-0) DEBUG [DataNucleus.Datastore] - Utilizando PreparedStatement "org.datanucleus.store.rdbms.ParamLoggingPreparedStatement@2ae483c4" para la conneccion "org.datanucleus.store.rdbms.datasource.dbcp2.PoolingDataSource$PoolGuardConnectionWrapper@4e63ecc3"
02:11:56,636 (AWT-EventQueue-0) DEBUG [DataNucleus.Datastore.Native] - DELETE FROM CADENAHOTELERA
02:11:56,640 (AWT-EventQueue-0) DEBUG [DataNucleus.Datastore.Persist] - SQL Tiempo de cumplir = 4 ms (numero de lineas cambiado = 1) con el PreparedStatement "org.datanucleus.store.rdbms.ParamLoggingPreparedStatement@2ae483c4"
02:11:56,640 (AWT-EventQueue-0) DEBUG [DataNucleus.Datastore] - Cerrando PreparedStatement "org.datanucleus.store.rdbms.ParamLoggingPreparedStatement@2ae483c4"
02:11:56,640 (AWT-EventQueue-0) DEBUG [DataNucleus.Query] - Query de SQL : "DELETE FROM OFERTASERVICIO"
02:11:56,640 (AWT-EventQueue-0) DEBUG [DataNucleus.Datastore] - Utilizando PreparedStatement "org.datanucleus.store.rdbms.ParamLoggingPreparedStatement@49c4f0ad" para la conneccion "org.datanucleus.store.rdbms.datasource.dbcp2.PoolingDataSource$PoolGuardConnectionWrapper@4e63ecc3"
02:11:56,640 (AWT-EventQueue-0) DEBUG [DataNucleus.Datastore.Native] - DELETE FROM OFERTASERVICIO
02:11:56,646 (AWT-EventQueue-0) DEBUG [DataNucleus.Datastore.Persist] - SQL Tiempo de cumplir = 6 ms (numero de lineas cambiado = 0) con el PreparedStatement "org.datanucleus.store.rdbms.ParamLoggingPreparedStatement@49c4f0ad"
02:11:56,646 (AWT-EventQueue-0) DEBUG [DataNucleus.Datastore] - Cerrando PreparedStatement "org.datanucleus.store.rdbms.ParamLoggingPreparedStatement@49c4f0ad"
02:11:56,646 (AWT-EventQueue-0) DEBUG [DataNucleus.Query] - Query de SQL : "DELETE FROM REGISTROCONSUMO"
02:11:56,647 (AWT-EventQueue-0) DEBUG [DataNucleus.Datastore] - Utilizando PreparedStatement "org.datanucleus.store.rdbms.ParamLoggingPreparedStatement@896a620" para la conneccion "org.datanucleus.store.rdbms.datasource.dbcp2.PoolingDataSource$PoolGuardConnectionWrapper@4e63ecc3"
02:11:56,647 (AWT-EventQueue-0) DEBUG [DataNucleus.Datastore.Native] - DELETE FROM REGISTROCONSUMO
02:11:56,652 (AWT-EventQueue-0) DEBUG [DataNucleus.Datastore.Persist] - SQL Tiempo de cumplir = 4 ms (numero de lineas cambiado = 5) con el PreparedStatement "org.datanucleus.store.rdbms.ParamLoggingPreparedStatement@896a620"
02:11:56,652 (AWT-EventQueue-0) DEBUG [DataNucleus.Datastore] - Cerrando PreparedStatement "org.datanucleus.store.rdbms.ParamLoggingPreparedStatement@896a620"
02:11:56,652 (AWT-EventQueue-0) DEBUG [DataNucleus.Query] - Query de SQL : "DELETE FROM UTENSILIO"
02:11:56,652 (AWT-EventQueue-0) DEBUG [DataNucleus.Datastore] - Utilizando PreparedStatement "org.datanucleus.store.rdbms.ParamLoggingPreparedStatement@568cc5eb" para la conneccion "org.datanucleus.store.rdbms.datasource.dbcp2.PoolingDataSource$PoolGuardConnectionWrapper@4e63ecc3"
02:11:56,652 (AWT-EventQueue-0) DEBUG [DataNucleus.Datastore.Native] - DELETE FROM UTENSILIO
02:11:56,657 (AWT-EventQueue-0) DEBUG [DataNucleus.Datastore.Persist] - SQL Tiempo de cumplir = 5 ms (numero de lineas cambiado = 0) con el PreparedStatement "org.datanucleus.store.rdbms.ParamLoggingPreparedStatement@568cc5eb"
02:11:56,657 (AWT-EventQueue-0) DEBUG [DataNucleus.Datastore] - Cerrando PreparedStatement "org.datanucleus.store.rdbms.ParamLoggingPreparedStatement@568cc5eb"
02:11:56,657 (AWT-EventQueue-0) DEBUG [DataNucleus.Query] - Query de SQL : "DELETE FROM PRODUCTO"
02:11:56,657 (AWT-EventQueue-0) DEBUG [DataNucleus.Datastore] - Utilizando PreparedStatement "org.datanucleus.store.rdbms.ParamLoggingPreparedStatement@58f8865d" para la conneccion "org.datanucleus.store.rdbms.datasource.dbcp2.PoolingDataSource$PoolGuardConnectionWrapper@4e63ecc3"
02:11:56,657 (AWT-EventQueue-0) DEBUG [DataNucleus.Datastore.Native] - DELETE FROM PRODUCTO
02:11:56,662 (AWT-EventQueue-0) DEBUG [DataNucleus.Datastore.Persist] - SQL Tiempo de cumplir = 5 ms (numero de lineas cambiado = 3) con el PreparedStatement "org.datanucleus.store.rdbms.ParamLoggingPreparedStatement@58f8865d"
02:11:56,662 (AWT-EventQueue-0) DEBUG [DataNucleus.Datastore] - Cerrando PreparedStatement "org.datanucleus.store.rdbms.ParamLoggingPreparedStatement@58f8865d"
02:11:56,662 (AWT-EventQueue-0) DEBUG [DataNucleus.Query] - Query de SQL : "DELETE FROM SERVICIOPRESTAMO"
02:11:56,663 (AWT-EventQueue-0) DEBUG [DataNucleus.Datastore] - Utilizando PreparedStatement "org.datanucleus.store.rdbms.ParamLoggingPreparedStatement@36575477" para la conneccion "org.datanucleus.store.rdbms.datasource.dbcp2.PoolingDataSource$PoolGuardConnectionWrapper@4e63ecc3"
02:11:56,663 (AWT-EventQueue-0) DEBUG [DataNucleus.Datastore.Native] - DELETE FROM SERVICIOPRESTAMO
02:11:56,667 (AWT-EventQueue-0) DEBUG [DataNucleus.Datastore.Persist] - SQL Tiempo de cumplir = 4 ms (numero de lineas cambiado = 0) con el PreparedStatement "org.datanucleus.store.rdbms.ParamLoggingPreparedStatement@36575477"
02:11:56,667 (AWT-EventQueue-0) DEBUG [DataNucleus.Datastore] - Cerrando PreparedStatement "org.datanucleus.store.rdbms.ParamLoggingPreparedStatement@36575477"
02:11:56,667 (AWT-EventQueue-0) DEBUG [DataNucleus.Query] - Query de SQL : "DELETE FROM SERVICIO"
02:11:56,668 (AWT-EventQueue-0) DEBUG [DataNucleus.Datastore] - Utilizando PreparedStatement "org.datanucleus.store.rdbms.ParamLoggingPreparedStatement@bcd433b" para la conneccion "org.datanucleus.store.rdbms.datasource.dbcp2.PoolingDataSource$PoolGuardConnectionWrapper@4e63ecc3"
02:11:56,668 (AWT-EventQueue-0) DEBUG [DataNucleus.Datastore.Native] - DELETE FROM SERVICIO
02:11:56,673 (AWT-EventQueue-0) DEBUG [DataNucleus.Datastore.Persist] - SQL Tiempo de cumplir = 5 ms (numero de lineas cambiado = 11) con el PreparedStatement "org.datanucleus.store.rdbms.ParamLoggingPreparedStatement@bcd433b"
02:11:56,673 (AWT-EventQueue-0) DEBUG [DataNucleus.Datastore] - Cerrando PreparedStatement "org.datanucleus.store.rdbms.ParamLoggingPreparedStatement@bcd433b"
02:11:56,673 (AWT-EventQueue-0) DEBUG [DataNucleus.Query] - Query de SQL : "DELETE FROM CARTAPRODUCTOS"
02:11:56,673 (AWT-EventQueue-0) DEBUG [DataNucleus.Datastore] - Utilizando PreparedStatement "org.datanucleus.store.rdbms.ParamLoggingPreparedStatement@3bde6c34" para la conneccion "org.datanucleus.store.rdbms.datasource.dbcp2.PoolingDataSource$PoolGuardConnectionWrapper@4e63ecc3"
02:11:56,673 (AWT-EventQueue-0) DEBUG [DataNucleus.Datastore.Native] - DELETE FROM CARTAPRODUCTOS
02:11:56,679 (AWT-EventQueue-0) DEBUG [DataNucleus.Datastore.Persist] - SQL Tiempo de cumplir = 6 ms (numero de lineas cambiado = 2) con el PreparedStatement "org.datanucleus.store.rdbms.ParamLoggingPreparedStatement@3bde6c34"
02:11:56,679 (AWT-EventQueue-0) DEBUG [DataNucleus.Datastore] - Cerrando PreparedStatement "org.datanucleus.store.rdbms.ParamLoggingPreparedStatement@3bde6c34"
02:11:56,679 (AWT-EventQueue-0) DEBUG [DataNucleus.Query] - Query de SQL : "DELETE FROM ESTILO"
02:11:56,679 (AWT-EventQueue-0) DEBUG [DataNucleus.Datastore] - Utilizando PreparedStatement "org.datanucleus.store.rdbms.ParamLoggingPreparedStatement@2788cf7c" para la conneccion "org.datanucleus.store.rdbms.datasource.dbcp2.PoolingDataSource$PoolGuardConnectionWrapper@4e63ecc3"
02:11:56,679 (AWT-EventQueue-0) DEBUG [DataNucleus.Datastore.Native] - DELETE FROM ESTILO
02:11:56,684 (AWT-EventQueue-0) DEBUG [DataNucleus.Datastore.Persist] - SQL Tiempo de cumplir = 5 ms (numero de lineas cambiado = 1) con el PreparedStatement "org.datanucleus.store.rdbms.ParamLoggingPreparedStatement@2788cf7c"
02:11:56,684 (AWT-EventQueue-0) DEBUG [DataNucleus.Datastore] - Cerrando PreparedStatement "org.datanucleus.store.rdbms.ParamLoggingPreparedStatement@2788cf7c"
02:11:56,684 (AWT-EventQueue-0) DEBUG [DataNucleus.Query] - Query de SQL : "DELETE FROM HORARIOSERVICIO"
02:11:56,684 (AWT-EventQueue-0) DEBUG [DataNucleus.Datastore] - Utilizando PreparedStatement "org.datanucleus.store.rdbms.ParamLoggingPreparedStatement@2b70c316" para la conneccion "org.datanucleus.store.rdbms.datasource.dbcp2.PoolingDataSource$PoolGuardConnectionWrapper@4e63ecc3"
02:11:56,684 (AWT-EventQueue-0) DEBUG [DataNucleus.Datastore.Native] - DELETE FROM HORARIOSERVICIO
02:11:56,690 (AWT-EventQueue-0) DEBUG [DataNucleus.Datastore.Persist] - SQL Tiempo de cumplir = 6 ms (numero de lineas cambiado = 1) con el PreparedStatement "org.datanucleus.store.rdbms.ParamLoggingPreparedStatement@2b70c316"
02:11:56,690 (AWT-EventQueue-0) DEBUG [DataNucleus.Datastore] - Cerrando PreparedStatement "org.datanucleus.store.rdbms.ParamLoggingPreparedStatement@2b70c316"
02:11:56,690 (AWT-EventQueue-0) DEBUG [DataNucleus.Query] - Query de SQL : "DELETE FROM COSTOADICIONAL"
02:11:56,690 (AWT-EventQueue-0) DEBUG [DataNucleus.Datastore] - Utilizando PreparedStatement "org.datanucleus.store.rdbms.ParamLoggingPreparedStatement@4a4599d8" para la conneccion "org.datanucleus.store.rdbms.datasource.dbcp2.PoolingDataSource$PoolGuardConnectionWrapper@4e63ecc3"
02:11:56,690 (AWT-EventQueue-0) DEBUG [DataNucleus.Datastore.Native] - DELETE FROM COSTOADICIONAL
02:11:56,695 (AWT-EventQueue-0) DEBUG [DataNucleus.Datastore.Persist] - SQL Tiempo de cumplir = 5 ms (numero de lineas cambiado = 0) con el PreparedStatement "org.datanucleus.store.rdbms.ParamLoggingPreparedStatement@4a4599d8"
02:11:56,695 (AWT-EventQueue-0) DEBUG [DataNucleus.Datastore] - Cerrando PreparedStatement "org.datanucleus.store.rdbms.ParamLoggingPreparedStatement@4a4599d8"
02:11:56,695 (AWT-EventQueue-0) DEBUG [DataNucleus.Query] - Query de SQL : "DELETE FROM TIPOCOBRO"
02:11:56,695 (AWT-EventQueue-0) DEBUG [DataNucleus.Datastore] - Utilizando PreparedStatement "org.datanucleus.store.rdbms.ParamLoggingPreparedStatement@232e368" para la conneccion "org.datanucleus.store.rdbms.datasource.dbcp2.PoolingDataSource$PoolGuardConnectionWrapper@4e63ecc3"
02:11:56,696 (AWT-EventQueue-0) DEBUG [DataNucleus.Datastore.Native] - DELETE FROM TIPOCOBRO
02:11:56,701 (AWT-EventQueue-0) DEBUG [DataNucleus.Datastore.Persist] - SQL Tiempo de cumplir = 5 ms (numero de lineas cambiado = 2) con el PreparedStatement "org.datanucleus.store.rdbms.ParamLoggingPreparedStatement@232e368"
02:11:56,701 (AWT-EventQueue-0) DEBUG [DataNucleus.Datastore] - Cerrando PreparedStatement "org.datanucleus.store.rdbms.ParamLoggingPreparedStatement@232e368"
02:11:56,701 (AWT-EventQueue-0) DEBUG [DataNucleus.Query] - Query de SQL : "DELETE FROM PLANCONSUMO"
02:11:56,701 (AWT-EventQueue-0) DEBUG [DataNucleus.Datastore] - Utilizando PreparedStatement "org.datanucleus.store.rdbms.ParamLoggingPreparedStatement@63202f7d" para la conneccion "org.datanucleus.store.rdbms.datasource.dbcp2.PoolingDataSource$PoolGuardConnectionWrapper@4e63ecc3"
02:11:56,701 (AWT-EventQueue-0) DEBUG [DataNucleus.Datastore.Native] - DELETE FROM PLANCONSUMO
02:11:56,706 (AWT-EventQueue-0) DEBUG [DataNucleus.Datastore.Persist] - SQL Tiempo de cumplir = 5 ms (numero de lineas cambiado = 4) con el PreparedStatement "org.datanucleus.store.rdbms.ParamLoggingPreparedStatement@63202f7d"
02:11:56,707 (AWT-EventQueue-0) DEBUG [DataNucleus.Datastore] - Cerrando PreparedStatement "org.datanucleus.store.rdbms.ParamLoggingPreparedStatement@63202f7d"
02:11:56,707 (AWT-EventQueue-0) DEBUG [DataNucleus.Query] - Query de SQL : "DELETE FROM RESTRICCIONES"
02:11:56,707 (AWT-EventQueue-0) DEBUG [DataNucleus.Datastore] - Utilizando PreparedStatement "org.datanucleus.store.rdbms.ParamLoggingPreparedStatement@4e65387c" para la conneccion "org.datanucleus.store.rdbms.datasource.dbcp2.PoolingDataSource$PoolGuardConnectionWrapper@4e63ecc3"
02:11:56,707 (AWT-EventQueue-0) DEBUG [DataNucleus.Datastore.Native] - DELETE FROM RESTRICCIONES
02:11:56,713 (AWT-EventQueue-0) DEBUG [DataNucleus.Datastore.Persist] - SQL Tiempo de cumplir = 5 ms (numero de lineas cambiado = 0) con el PreparedStatement "org.datanucleus.store.rdbms.ParamLoggingPreparedStatement@4e65387c"
02:11:56,713 (AWT-EventQueue-0) DEBUG [DataNucleus.Datastore] - Cerrando PreparedStatement "org.datanucleus.store.rdbms.ParamLoggingPreparedStatement@4e65387c"
02:11:56,713 (AWT-EventQueue-0) DEBUG [DataNucleus.Query] - Query de SQL : "DELETE FROM SERVICIOPRESTAMOUTENSILIO"
02:11:56,713 (AWT-EventQueue-0) DEBUG [DataNucleus.Datastore] - Utilizando PreparedStatement "org.datanucleus.store.rdbms.ParamLoggingPreparedStatement@2888e331" para la conneccion "org.datanucleus.store.rdbms.datasource.dbcp2.PoolingDataSource$PoolGuardConnectionWrapper@4e63ecc3"
02:11:56,713 (AWT-EventQueue-0) DEBUG [DataNucleus.Datastore.Native] - DELETE FROM SERVICIOPRESTAMOUTENSILIO
02:11:56,720 (AWT-EventQueue-0) DEBUG [DataNucleus.Datastore.Persist] - SQL Tiempo de cumplir = 7 ms (numero de lineas cambiado = 0) con el PreparedStatement "org.datanucleus.store.rdbms.ParamLoggingPreparedStatement@2888e331"
02:11:56,720 (AWT-EventQueue-0) DEBUG [DataNucleus.Datastore] - Cerrando PreparedStatement "org.datanucleus.store.rdbms.ParamLoggingPreparedStatement@2888e331"
02:11:56,720 (AWT-EventQueue-0) DEBUG [DataNucleus.Query] - Query de SQL : "DELETE FROM PRODUCTOPLANCONSUMO"
02:11:56,720 (AWT-EventQueue-0) DEBUG [DataNucleus.Datastore] - Utilizando PreparedStatement "org.datanucleus.store.rdbms.ParamLoggingPreparedStatement@3db46ceb" para la conneccion "org.datanucleus.store.rdbms.datasource.dbcp2.PoolingDataSource$PoolGuardConnectionWrapper@4e63ecc3"
02:11:56,720 (AWT-EventQueue-0) DEBUG [DataNucleus.Datastore.Native] - DELETE FROM PRODUCTOPLANCONSUMO
02:11:56,727 (AWT-EventQueue-0) DEBUG [DataNucleus.Datastore.Persist] - SQL Tiempo de cumplir = 7 ms (numero de lineas cambiado = 0) con el PreparedStatement "org.datanucleus.store.rdbms.ParamLoggingPreparedStatement@3db46ceb"
02:11:56,727 (AWT-EventQueue-0) DEBUG [DataNucleus.Datastore] - Cerrando PreparedStatement "org.datanucleus.store.rdbms.ParamLoggingPreparedStatement@3db46ceb"
02:11:56,727 (AWT-EventQueue-0) DEBUG [DataNucleus.Query] - Query de SQL : "DELETE FROM CARTAPRODUCTOSPRODUCTOS"
02:11:56,728 (AWT-EventQueue-0) DEBUG [DataNucleus.Datastore] - Utilizando PreparedStatement "org.datanucleus.store.rdbms.ParamLoggingPreparedStatement@5f8df7e7" para la conneccion "org.datanucleus.store.rdbms.datasource.dbcp2.PoolingDataSource$PoolGuardConnectionWrapper@4e63ecc3"
02:11:56,728 (AWT-EventQueue-0) DEBUG [DataNucleus.Datastore.Native] - DELETE FROM CARTAPRODUCTOSPRODUCTOS
02:11:56,735 (AWT-EventQueue-0) DEBUG [DataNucleus.Datastore.Persist] - SQL Tiempo de cumplir = 7 ms (numero de lineas cambiado = 6) con el PreparedStatement "org.datanucleus.store.rdbms.ParamLoggingPreparedStatement@5f8df7e7"
02:11:56,735 (AWT-EventQueue-0) DEBUG [DataNucleus.Datastore] - Cerrando PreparedStatement "org.datanucleus.store.rdbms.ParamLoggingPreparedStatement@5f8df7e7"
02:11:56,736 (AWT-EventQueue-0) DEBUG [DataNucleus.Query] - Query de SQL : "DELETE FROM SERVICIOHORARIOSERVICIO"
02:11:56,736 (AWT-EventQueue-0) DEBUG [DataNucleus.Datastore] - Utilizando PreparedStatement "org.datanucleus.store.rdbms.ParamLoggingPreparedStatement@384c82b2" para la conneccion "org.datanucleus.store.rdbms.datasource.dbcp2.PoolingDataSource$PoolGuardConnectionWrapper@4e63ecc3"
02:11:56,736 (AWT-EventQueue-0) DEBUG [DataNucleus.Datastore.Native] - DELETE FROM SERVICIOHORARIOSERVICIO
02:11:56,741 (AWT-EventQueue-0) DEBUG [DataNucleus.Datastore.Persist] - SQL Tiempo de cumplir = 5 ms (numero de lineas cambiado = 1) con el PreparedStatement "org.datanucleus.store.rdbms.ParamLoggingPreparedStatement@384c82b2"
02:11:56,741 (AWT-EventQueue-0) DEBUG [DataNucleus.Datastore] - Cerrando PreparedStatement "org.datanucleus.store.rdbms.ParamLoggingPreparedStatement@384c82b2"
02:11:56,742 (AWT-EventQueue-0) DEBUG [DataNucleus.Query] - Query de SQL : "DELETE FROM CONSUMOOFERTASERVICIO"
02:11:56,742 (AWT-EventQueue-0) DEBUG [DataNucleus.Datastore] - Utilizando PreparedStatement "org.datanucleus.store.rdbms.ParamLoggingPreparedStatement@57b27fe1" para la conneccion "org.datanucleus.store.rdbms.datasource.dbcp2.PoolingDataSource$PoolGuardConnectionWrapper@4e63ecc3"
02:11:56,742 (AWT-EventQueue-0) DEBUG [DataNucleus.Datastore.Native] - DELETE FROM CONSUMOOFERTASERVICIO
02:11:56,748 (AWT-EventQueue-0) DEBUG [DataNucleus.Datastore.Persist] - SQL Tiempo de cumplir = 6 ms (numero de lineas cambiado = 0) con el PreparedStatement "org.datanucleus.store.rdbms.ParamLoggingPreparedStatement@57b27fe1"
02:11:56,748 (AWT-EventQueue-0) DEBUG [DataNucleus.Datastore] - Cerrando PreparedStatement "org.datanucleus.store.rdbms.ParamLoggingPreparedStatement@57b27fe1"
02:11:56,748 (AWT-EventQueue-0) DEBUG [DataNucleus.Query] - Query de SQL : "DELETE FROM CONSUMOMUEBLECONCONSUMO"
02:11:56,748 (AWT-EventQueue-0) DEBUG [DataNucleus.Datastore] - Utilizando PreparedStatement "org.datanucleus.store.rdbms.ParamLoggingPreparedStatement@49ff92c8" para la conneccion "org.datanucleus.store.rdbms.datasource.dbcp2.PoolingDataSource$PoolGuardConnectionWrapper@4e63ecc3"
02:11:56,748 (AWT-EventQueue-0) DEBUG [DataNucleus.Datastore.Native] - DELETE FROM CONSUMOMUEBLECONCONSUMO
02:11:56,753 (AWT-EventQueue-0) DEBUG [DataNucleus.Datastore.Persist] - SQL Tiempo de cumplir = 5 ms (numero de lineas cambiado = 0) con el PreparedStatement "org.datanucleus.store.rdbms.ParamLoggingPreparedStatement@49ff92c8"
02:11:56,754 (AWT-EventQueue-0) DEBUG [DataNucleus.Datastore] - Cerrando PreparedStatement "org.datanucleus.store.rdbms.ParamLoggingPreparedStatement@49ff92c8"
02:11:56,754 (AWT-EventQueue-0) DEBUG [DataNucleus.Query] - Query de SQL : "DELETE FROM PLANCONSUMOSERVICIO"
02:11:56,754 (AWT-EventQueue-0) DEBUG [DataNucleus.Datastore] - Utilizando PreparedStatement "org.datanucleus.store.rdbms.ParamLoggingPreparedStatement@79fd76df" para la conneccion "org.datanucleus.store.rdbms.datasource.dbcp2.PoolingDataSource$PoolGuardConnectionWrapper@4e63ecc3"
02:11:56,754 (AWT-EventQueue-0) DEBUG [DataNucleus.Datastore.Native] - DELETE FROM PLANCONSUMOSERVICIO
02:11:56,759 (AWT-EventQueue-0) DEBUG [DataNucleus.Datastore.Persist] - SQL Tiempo de cumplir = 5 ms (numero de lineas cambiado = 0) con el PreparedStatement "org.datanucleus.store.rdbms.ParamLoggingPreparedStatement@79fd76df"
02:11:56,759 (AWT-EventQueue-0) DEBUG [DataNucleus.Datastore] - Cerrando PreparedStatement "org.datanucleus.store.rdbms.ParamLoggingPreparedStatement@79fd76df"
02:11:56,759 (AWT-EventQueue-0) DEBUG [DataNucleus.Query] - Query de SQL : "DELETE FROM HOTELUSUARIO"
02:11:56,759 (AWT-EventQueue-0) DEBUG [DataNucleus.Datastore] - Utilizando PreparedStatement "org.datanucleus.store.rdbms.ParamLoggingPreparedStatement@25f82240" para la conneccion "org.datanucleus.store.rdbms.datasource.dbcp2.PoolingDataSource$PoolGuardConnectionWrapper@4e63ecc3"
02:11:56,759 (AWT-EventQueue-0) DEBUG [DataNucleus.Datastore.Native] - DELETE FROM HOTELUSUARIO
02:11:56,764 (AWT-EventQueue-0) DEBUG [DataNucleus.Datastore.Persist] - SQL Tiempo de cumplir = 5 ms (numero de lineas cambiado = 0) con el PreparedStatement "org.datanucleus.store.rdbms.ParamLoggingPreparedStatement@25f82240"
02:11:56,765 (AWT-EventQueue-0) DEBUG [DataNucleus.Datastore] - Cerrando PreparedStatement "org.datanucleus.store.rdbms.ParamLoggingPreparedStatement@25f82240"
02:11:56,765 (AWT-EventQueue-0) DEBUG [DataNucleus.Query] - Query de SQL : "DELETE FROM PLANCONSUMORESTRICCIONES"
02:11:56,765 (AWT-EventQueue-0) DEBUG [DataNucleus.Datastore] - Utilizando PreparedStatement "org.datanucleus.store.rdbms.ParamLoggingPreparedStatement@61710c69" para la conneccion "org.datanucleus.store.rdbms.datasource.dbcp2.PoolingDataSource$PoolGuardConnectionWrapper@4e63ecc3"
02:11:56,765 (AWT-EventQueue-0) DEBUG [DataNucleus.Datastore.Native] - DELETE FROM PLANCONSUMORESTRICCIONES
02:11:56,770 (AWT-EventQueue-0) DEBUG [DataNucleus.Datastore.Persist] - SQL Tiempo de cumplir = 5 ms (numero de lineas cambiado = 0) con el PreparedStatement "org.datanucleus.store.rdbms.ParamLoggingPreparedStatement@61710c69"
02:11:56,770 (AWT-EventQueue-0) DEBUG [DataNucleus.Datastore] - Cerrando PreparedStatement "org.datanucleus.store.rdbms.ParamLoggingPreparedStatement@61710c69"
02:11:56,771 (AWT-EventQueue-0) DEBUG [DataNucleus.Query] - Query de SQL : "DELETE FROM USUARIOPLANCONSUMO"
02:11:56,771 (AWT-EventQueue-0) DEBUG [DataNucleus.Datastore] - Utilizando PreparedStatement "org.datanucleus.store.rdbms.ParamLoggingPreparedStatement@542dbb5d" para la conneccion "org.datanucleus.store.rdbms.datasource.dbcp2.PoolingDataSource$PoolGuardConnectionWrapper@4e63ecc3"
02:11:56,771 (AWT-EventQueue-0) DEBUG [DataNucleus.Datastore.Native] - DELETE FROM USUARIOPLANCONSUMO
02:11:56,776 (AWT-EventQueue-0) DEBUG [DataNucleus.Datastore.Persist] - SQL Tiempo de cumplir = 5 ms (numero de lineas cambiado = 0) con el PreparedStatement "org.datanucleus.store.rdbms.ParamLoggingPreparedStatement@542dbb5d"
02:11:56,776 (AWT-EventQueue-0) DEBUG [DataNucleus.Datastore] - Cerrando PreparedStatement "org.datanucleus.store.rdbms.ParamLoggingPreparedStatement@542dbb5d"
02:11:56,776 (AWT-EventQueue-0) DEBUG [DataNucleus.Query] - Query de SQL : "DELETE FROM HOTELPLANCONSUMO"
02:11:56,777 (AWT-EventQueue-0) DEBUG [DataNucleus.Datastore] - Utilizando PreparedStatement "org.datanucleus.store.rdbms.ParamLoggingPreparedStatement@46747489" para la conneccion "org.datanucleus.store.rdbms.datasource.dbcp2.PoolingDataSource$PoolGuardConnectionWrapper@4e63ecc3"
02:11:56,777 (AWT-EventQueue-0) DEBUG [DataNucleus.Datastore.Native] - DELETE FROM HOTELPLANCONSUMO
02:11:56,783 (AWT-EventQueue-0) DEBUG [DataNucleus.Datastore.Persist] - SQL Tiempo de cumplir = 6 ms (numero de lineas cambiado = 0) con el PreparedStatement "org.datanucleus.store.rdbms.ParamLoggingPreparedStatement@46747489"
02:11:56,783 (AWT-EventQueue-0) DEBUG [DataNucleus.Datastore] - Cerrando PreparedStatement "org.datanucleus.store.rdbms.ParamLoggingPreparedStatement@46747489"
02:11:56,784 (AWT-EventQueue-0) DEBUG [DataNucleus.Query] - Query de SQL : "DELETE FROM CONSUMOCOSTOADICIONAL"
02:11:56,784 (AWT-EventQueue-0) DEBUG [DataNucleus.Datastore] - Utilizando PreparedStatement "org.datanucleus.store.rdbms.ParamLoggingPreparedStatement@22fab425" para la conneccion "org.datanucleus.store.rdbms.datasource.dbcp2.PoolingDataSource$PoolGuardConnectionWrapper@4e63ecc3"
02:11:56,784 (AWT-EventQueue-0) DEBUG [DataNucleus.Datastore.Native] - DELETE FROM CONSUMOCOSTOADICIONAL
02:11:56,790 (AWT-EventQueue-0) DEBUG [DataNucleus.Datastore.Persist] - SQL Tiempo de cumplir = 6 ms (numero de lineas cambiado = 0) con el PreparedStatement "org.datanucleus.store.rdbms.ParamLoggingPreparedStatement@22fab425"
02:11:56,790 (AWT-EventQueue-0) DEBUG [DataNucleus.Datastore] - Cerrando PreparedStatement "org.datanucleus.store.rdbms.ParamLoggingPreparedStatement@22fab425"
02:11:56,790 (AWT-EventQueue-0) DEBUG [DataNucleus.Transaction] - Haciendo commit de la transaacción para el ExecutionContext org.datanucleus.ExecutionContextImpl@1ae50e2a
02:11:56,790 (AWT-EventQueue-0) DEBUG [DataNucleus.Persistence] - ExecutionContext.internalFlush() empezado con flush ordenado - 0 objetos registrados
02:11:56,790 (AWT-EventQueue-0) DEBUG [DataNucleus.Persistence] - ExecutionContext.internalFlush() terminado
02:11:56,790 (AWT-EventQueue-0) DEBUG [DataNucleus.Persistence] - Persistence-By-Reachability (commit) : EMPIEZA
02:11:56,790 (AWT-EventQueue-0) DEBUG [DataNucleus.Persistence] - Persistence-By-Reachability (commit) : TERMINADO
02:11:56,790 (AWT-EventQueue-0) DEBUG [DataNucleus.Transaction] - Committing [DataNucleus Transaction, ID=-483663733-2, enlisted resources=[org.datanucleus.store.rdbms.ConnectionFactoryImpl$EmulatedXAResource@5198964e]]
02:11:56,790 (AWT-EventQueue-0) DEBUG [DataNucleus.Connection] - ManagedConnection VA A COMMIT : "org.datanucleus.store.rdbms.ConnectionFactoryImpl$ManagedConnectionImpl@164c91d2 [conn=org.datanucleus.store.rdbms.datasource.dbcp2.PoolingDataSource$PoolGuardConnectionWrapper@4e63ecc3, commitOnRelease=false, closeOnRelease=false, closeOnTxnEnd=true]"
02:11:56,823 (AWT-EventQueue-0) DEBUG [DataNucleus.Connection] - ManagedConnection CERRADO : "org.datanucleus.store.rdbms.ConnectionFactoryImpl$ManagedConnectionImpl@164c91d2 [conn=org.datanucleus.store.rdbms.datasource.dbcp2.PoolingDataSource$PoolGuardConnectionWrapper@4e63ecc3, commitOnRelease=false, closeOnRelease=false, closeOnTxnEnd=true]" 
02:11:56,823 (AWT-EventQueue-0) DEBUG [DataNucleus.Transaction] - Transacción committed en 33 ms
02:11:59,420 (AWT-EventQueue-0) DEBUG [DataNucleus.Persistence] - ExecutionContext "org.datanucleus.ExecutionContextImpl@1ae50e2a" se cerró
02:12:13,659 (AWT-EventQueue-0) DEBUG [DataNucleus.Connection] - Cerrando ConnectionPool "tx"
02:12:13,661 (AWT-EventQueue-0) DEBUG [DataNucleus.Connection] - Cerrando ConnectionPool "nontx"
02:12:13,663 (AWT-EventQueue-0) DEBUG [DataNucleus.Persistence] - Desmanejando la persistencia de todas las clases
02:12:13,663 (AWT-EventQueue-0) DEBUG [DataNucleus.Cache] - Cache de nivel 2 vaciada.
